Started GET "/" for ::1 at 2020-10-08 14:22:10 +0300
Processing by ApplicationController#index as HTML
  Rendering application/index.html.erb within layouts/application
  Rendered application/index.html.erb within layouts/application (Duration: 1.0ms | Allocations: 290)
[Webpacker] Compiling...
[Webpacker] Compiled all packs in /Users/shamatov/Projects/werf-guides/examples/rails/001-app-with-assets-served-by-webpack/public/packs
[Webpacker] Hash: 9cedf176ef398bc58747
Version: webpack 4.44.2
Time: 2450ms
Built at: 08.10.2020 14:22:14
                                     Asset       Size       Chunks                         Chunk Names
    js/application-5adef5b690299abe96d4.js   34.8 KiB  application  [emitted] [immutable]  application
js/application-5adef5b690299abe96d4.js.map   38.3 KiB  application  [emitted] [dev]        application
      js/hello_vue-6094018685fc208b68c1.js    266 KiB    hello_vue  [emitted] [immutable]  hello_vue
  js/hello_vue-6094018685fc208b68c1.js.map    312 KiB    hello_vue  [emitted] [dev]        hello_vue
                             manifest.json  689 bytes               [emitted]              
Entrypoint application = js/application-5adef5b690299abe96d4.js js/application-5adef5b690299abe96d4.js.map
Entrypoint hello_vue = js/hello_vue-6094018685fc208b68c1.js js/hello_vue-6094018685fc208b68c1.js.map
[./app/javascript/app.vue] 1.22 KiB {hello_vue} [built]
[./app/javascript/app.vue?vue&type=script&lang=js&] 364 bytes {hello_vue} [built]
[./app/javascript/app.vue?vue&type=style&index=0&id=6fb8108a&scoped=true&lang=css&] 746 bytes {hello_vue} [built]
[./app/javascript/app.vue?vue&type=template&id=6fb8108a&scoped=true&] 213 bytes {hello_vue} [built]
[./app/javascript/packs/application.js] 653 bytes {application} [built]
[./app/javascript/packs/hello_vue.js] 1.87 KiB {hello_vue} [built]
[./node_modules/babel-loader/lib/index.js?!./node_modules/vue-loader/lib/index.js?!./app/javascript/app.vue?vue&type=script&lang=js&] ./node_modules/babel-loader/lib??ref--8-0!./node_modules/vue-loader/lib??vue-loader-options!./app/javascript/app.vue?vue&type=script&lang=js& 115 bytes {hello_vue} [built]
[./node_modules/css-loader/dist/cjs.js?!./node_modules/vue-loader/lib/loaders/stylePostLoader.js!./node_modules/postcss-loader/src/index.js?!./node_modules/vue-loader/lib/index.js?!./app/javascript/app.vue?vue&type=style&index=0&id=6fb8108a&scoped=true&lang=css&] ./node_modules/css-loader/dist/cjs.js??ref--3-1!./node_modules/vue-loader/lib/loaders/stylePostLoader.js!./node_modules/postcss-loader/src??ref--3-2!./node_modules/vue-loader/lib??vue-loader-options!./app/javascript/app.vue?vue&type=style&index=0&id=6fb8108a&scoped=true&lang=css& 838 bytes {hello_vue} [built]
[./node_modules/style-loader/dist/cjs.js!./node_modules/css-loader/dist/cjs.js?!./node_modules/vue-loader/lib/loaders/stylePostLoader.js!./node_modules/postcss-loader/src/index.js?!./node_modules/vue-loader/lib/index.js?!./app/javascript/app.vue?vue&type=style&index=0&id=6fb8108a&scoped=true&lang=css&] ./node_modules/style-loader/dist/cjs.js!./node_modules/css-loader/dist/cjs.js??ref--3-1!./node_modules/vue-loader/lib/loaders/stylePostLoader.js!./node_modules/postcss-loader/src??ref--3-2!./node_modules/vue-loader/lib??vue-loader-options!./app/javascript/app.vue?vue&type=style&index=0&id=6fb8108a&scoped=true&lang=css& 771 bytes {hello_vue} [built]
[./node_modules/vue-loader/lib/loaders/templateLoader.js?!./node_modules/vue-loader/lib/index.js?!./app/javascript/app.vue?vue&type=template&id=6fb8108a&scoped=true&] ./node_modules/vue-loader/lib/loaders/templateLoader.js??vue-loader-options!./node_modules/vue-loader/lib??vue-loader-options!./app/javascript/app.vue?vue&type=template&id=6fb8108a&scoped=true& 288 bytes {hello_vue} [built]
[./node_modules/webpack/buildin/global.js] (webpack)/buildin/global.js 905 bytes {hello_vue} [built]
[./node_modules/webpack/buildin/module.js] (webpack)/buildin/module.js 552 bytes {application} [built]
    + 8 hidden modules

Completed 200 OK in 4133ms (Views: 4130.6ms | Allocations: 5674)


